<?xml version="1.0" encoding="UTF-8" ?>
<testsuite failures="0" time="27.435" errors="0" skipped="0" tests="1" name="com.minh.guitest.LoginTest">
  <properties>
    <property name="java.runtime.name" value="Java(TM) SE Runtime Environment"/>
    <property name="sun.boot.library.path" value="C:\Program Files\Java\jdk1.7.0_17\jre\bin"/>
    <property name="java.vm.version" value="23.7-b01"/>
    <property name="user.country.format" value="SE"/>
    <property name="java.vm.vendor" value="Oracle Corporation"/>
    <property name="java.vendor.url" value="http://java.oracle.com/"/>
    <property name="path.separator" value=";"/>
    <property name="guice.disable.misplaced.annotation.check" value="true"/>
    <property name="java.vm.name" value="Java HotSpot(TM) 64-Bit Server VM"/>
    <property name="file.encoding.pkg" value="sun.io"/>
    <property name="idea.launcher.port" value="7549"/>
    <property name="user.script" value=""/>
    <property name="user.country" value="US"/>
    <property name="sun.java.launcher" value="SUN_STANDARD"/>
    <property name="sun.os.patch.level" value=""/>
    <property name="java.vm.specification.name" value="Java Virtual Machine Specification"/>
    <property name="user.dir" value="G:\gui-testrunner"/>
    <property name="java.runtime.version" value="1.7.0_17-b02"/>
    <property name="java.awt.graphicsenv" value="sun.awt.Win32GraphicsEnvironment"/>
    <property name="basedir" value="G:\gui-testrunner"/>
    <property name="java.endorsed.dirs" value="C:\Program Files\Java\jdk1.7.0_17\jre\lib\endorsed"/>
    <property name="os.arch" value="amd64"/>
    <property name="java.io.tmpdir" value="C:\Users\Minh\AppData\Local\Temp\"/>
    <property name="line.separator" value="
"/>
    <property name="java.vm.specification.vendor" value="Oracle Corporation"/>
    <property name="user.variant" value=""/>
    <property name="os.name" value="Windows 8"/>
    <property name="classworlds.conf" value="C:\Program Files\maven\bin\m2.conf"/>
    <property name="sun.jnu.encoding" value="Cp1252"/>
    <property name="java.library.path" value="C:\Program Files\Java\jdk1.7.0_17\bin;C:\Windows\Sun\Java\bin;C:\Windows\system32;C:\Windows;C:\Program Files (x86)\JetBrains\IntelliJ IDEA Community Edition 12.1.1\bin\..\.\bin;C:\Program Files (x86)\JetBrains\IntelliJ IDEA Community Edition 12.1.1\bin\..\.\bin;C:\Program Files (x86)\JetBrains\IntelliJ IDEA Community Edition 12.1.1\bin\..\.\bin;C:\Windows\system32;C:\Windows;C:\Windows\System32\Wbem;C:\Windows\System32\WindowsPowerShell\v1.0\;C:\Program Files\maven\bin;C:\Program Files\Java\jdk1.7.0_17\bin;C:\Python27;C:\Users\Minh\AppData\Local\Google\Chrome\Application;c:\program files (x86)\jetbrains\intellij idea community edition 12.1.1\jre\jre\bin;c:\program files (x86)\jetbrains\intellij idea community edition 12.1.1\jre\jre\bin;c:\program files (x86)\jetbrains\intellij idea community edition 12.1.1\jre\jre\bin;."/>
    <property name="surefire.test.class.path" value="G:\gui-testrunner\target\test-classes;G:\gui-testrunner\target\classes;C:\Users\Minh\.m2\repository\junit\junit\4.10\junit-4.10.jar;C:\Users\Minh\.m2\repository\org\hamcrest\hamcrest-core\1.1\hamcrest-core-1.1.jar;C:\Users\Minh\.m2\repository\org\apache\maven\plugins\maven-resources-plugin\2.5\maven-resources-plugin-2.5.jar;C:\Users\Minh\.m2\repository\org\apache\maven\maven-plugin-api\2.0.6\maven-plugin-api-2.0.6.jar;C:\Users\Minh\.m2\repository\org\apache\maven\maven-project\2.0.6\maven-project-2.0.6.jar;C:\Users\Minh\.m2\repository\org\apache\maven\maven-profile\2.0.6\maven-profile-2.0.6.jar;C:\Users\Minh\.m2\repository\org\apache\maven\maven-artifact-manager\2.0.6\maven-artifact-manager-2.0.6.jar;C:\Users\Minh\.m2\repository\org\apache\maven\maven-plugin-registry\2.0.6\maven-plugin-registry-2.0.6.jar;C:\Users\Minh\.m2\repository\org\apache\maven\maven-core\2.0.6\maven-core-2.0.6.jar;C:\Users\Minh\.m2\repository\org\apache\maven\wagon\wagon-file\1.0-beta-2\wagon-file-1.0-beta-2.jar;C:\Users\Minh\.m2\repository\org\apache\maven\maven-plugin-parameter-documenter\2.0.6\maven-plugin-parameter-documenter-2.0.6.jar;C:\Users\Minh\.m2\repository\org\apache\maven\wagon\wagon-http-lightweight\1.0-beta-2\wagon-http-lightweight-1.0-beta-2.jar;C:\Users\Minh\.m2\repository\org\apache\maven\wagon\wagon-http-shared\1.0-beta-2\wagon-http-shared-1.0-beta-2.jar;C:\Users\Minh\.m2\repository\jtidy\jtidy\4aug2000r7-dev\jtidy-4aug2000r7-dev.jar;C:\Users\Minh\.m2\repository\org\apache\maven\reporting\maven-reporting-api\2.0.6\maven-reporting-api-2.0.6.jar;C:\Users\Minh\.m2\repository\org\apache\maven\doxia\doxia-sink-api\1.0-alpha-7\doxia-sink-api-1.0-alpha-7.jar;C:\Users\Minh\.m2\repository\org\apache\maven\wagon\wagon-provider-api\1.0-beta-2\wagon-provider-api-1.0-beta-2.jar;C:\Users\Minh\.m2\repository\org\apache\maven\maven-repository-metadata\2.0.6\maven-repository-metadata-2.0.6.jar;C:\Users\Minh\.m2\repository\org\apache\maven\maven-error-diagnostics\2.0.6\maven-error-diagnostics-2.0.6.jar;C:\Users\Minh\.m2\repository\commons-cli\commons-cli\1.0\commons-cli-1.0.jar;C:\Users\Minh\.m2\repository\org\apache\maven\wagon\wagon-ssh-external\1.0-beta-2\wagon-ssh-external-1.0-beta-2.jar;C:\Users\Minh\.m2\repository\org\apache\maven\wagon\wagon-ssh-common\1.0-beta-2\wagon-ssh-common-1.0-beta-2.jar;C:\Users\Minh\.m2\repository\org\apache\maven\maven-plugin-descriptor\2.0.6\maven-plugin-descriptor-2.0.6.jar;C:\Users\Minh\.m2\repository\org\codehaus\plexus\plexus-interactivity-api\1.0-alpha-4\plexus-interactivity-api-1.0-alpha-4.jar;C:\Users\Minh\.m2\repository\org\apache\maven\wagon\wagon-ssh\1.0-beta-2\wagon-ssh-1.0-beta-2.jar;C:\Users\Minh\.m2\repository\com\jcraft\jsch\0.1.27\jsch-0.1.27.jar;C:\Users\Minh\.m2\repository\classworlds\classworlds\1.1\classworlds-1.1.jar;C:\Users\Minh\.m2\repository\org\apache\maven\maven-artifact\2.0.6\maven-artifact-2.0.6.jar;C:\Users\Minh\.m2\repository\org\apache\maven\maven-settings\2.0.6\maven-settings-2.0.6.jar;C:\Users\Minh\.m2\repository\org\apache\maven\maven-model\2.0.6\maven-model-2.0.6.jar;C:\Users\Minh\.m2\repository\org\apache\maven\maven-monitor\2.0.6\maven-monitor-2.0.6.jar;C:\Users\Minh\.m2\repository\org\codehaus\plexus\plexus-container-default\1.0-alpha-9-stable-1\plexus-container-default-1.0-alpha-9-stable-1.jar;C:\Users\Minh\.m2\repository\org\codehaus\plexus\plexus-utils\2.0.5\plexus-utils-2.0.5.jar;C:\Users\Minh\.m2\repository\org\apache\maven\shared\maven-filtering\1.0\maven-filtering-1.0.jar;C:\Users\Minh\.m2\repository\org\sonatype\plexus\plexus-build-api\0.0.4\plexus-build-api-0.0.4.jar;C:\Users\Minh\.m2\repository\org\codehaus\plexus\plexus-interpolation\1.13\plexus-interpolation-1.13.jar;C:\Users\Minh\.m2\repository\org\seleniumhq\selenium\selenium-firefox-driver\2.33.0\selenium-firefox-driver-2.33.0.jar;C:\Users\Minh\.m2\repository\org\seleniumhq\selenium\selenium-remote-driver\2.33.0\selenium-remote-driver-2.33.0.jar;C:\Users\Minh\.m2\repository\cglib\cglib-nodep\2.1_3\cglib-nodep-2.1_3.jar;C:\Users\Minh\.m2\repository\org\json\json\20080701\json-20080701.jar;C:\Users\Minh\.m2\repository\org\seleniumhq\selenium\selenium-api\2.33.0\selenium-api-2.33.0.jar;C:\Users\Minh\.m2\repository\com\google\guava\guava\14.0\guava-14.0.jar;C:\Users\Minh\.m2\repository\commons-io\commons-io\2.2\commons-io-2.2.jar;C:\Users\Minh\.m2\repository\org\apache\commons\commons-exec\1.1\commons-exec-1.1.jar;C:\Users\Minh\.m2\repository\org\seleniumhq\selenium\selenium-ie-driver\2.33.0\selenium-ie-driver-2.33.0.jar;C:\Users\Minh\.m2\repository\net\java\dev\jna\jna\3.4.0\jna-3.4.0.jar;C:\Users\Minh\.m2\repository\net\java\dev\jna\platform\3.4.0\platform-3.4.0.jar;C:\Users\Minh\.m2\repository\org\seleniumhq\selenium\selenium-chrome-driver\2.33.0\selenium-chrome-driver-2.33.0.jar;C:\Users\Minh\.m2\repository\org\seleniumhq\selenium\selenium-android-driver\2.33.0\selenium-android-driver-2.33.0.jar;C:\Users\Minh\.m2\repository\org\seleniumhq\selenium\selenium-htmlunit-driver\2.33.0\selenium-htmlunit-driver-2.33.0.jar;C:\Users\Minh\.m2\repository\net\sourceforge\htmlunit\htmlunit\2.12\htmlunit-2.12.jar;C:\Users\Minh\.m2\repository\xalan\xalan\2.7.1\xalan-2.7.1.jar;C:\Users\Minh\.m2\repository\xalan\serializer\2.7.1\serializer-2.7.1.jar;C:\Users\Minh\.m2\repository\commons-collections\commons-collections\3.2.1\commons-collections-3.2.1.jar;C:\Users\Minh\.m2\repository\org\apache\commons\commons-lang3\3.1\commons-lang3-3.1.jar;C:\Users\Minh\.m2\repository\org\apache\httpcomponents\httpmime\4.2.3\httpmime-4.2.3.jar;C:\Users\Minh\.m2\repository\commons-codec\commons-codec\1.7\commons-codec-1.7.jar;C:\Users\Minh\.m2\repository\net\sourceforge\htmlunit\htmlunit-core-js\2.12\htmlunit-core-js-2.12.jar;C:\Users\Minh\.m2\repository\net\sourceforge\nekohtml\nekohtml\1.9.18\nekohtml-1.9.18.jar;C:\Users\Minh\.m2\repository\net\sourceforge\cssparser\cssparser\0.9.9\cssparser-0.9.9.jar;C:\Users\Minh\.m2\repository\org\w3c\css\sac\1.3\sac-1.3.jar;C:\Users\Minh\.m2\repository\commons-logging\commons-logging\1.1.1\commons-logging-1.1.1.jar;C:\Users\Minh\.m2\repository\org\eclipse\jetty\jetty-websocket\8.1.9.v20130131\jetty-websocket-8.1.9.v20130131.jar;C:\Users\Minh\.m2\repository\org\eclipse\jetty\jetty-util\8.1.9.v20130131\jetty-util-8.1.9.v20130131.jar;C:\Users\Minh\.m2\repository\org\eclipse\jetty\jetty-io\8.1.9.v20130131\jetty-io-8.1.9.v20130131.jar;C:\Users\Minh\.m2\repository\org\eclipse\jetty\jetty-http\8.1.9.v20130131\jetty-http-8.1.9.v20130131.jar;C:\Users\Minh\.m2\repository\org\apache\httpcomponents\httpclient\4.2.1\httpclient-4.2.1.jar;C:\Users\Minh\.m2\repository\org\apache\httpcomponents\httpcore\4.2.1\httpcore-4.2.1.jar;C:\Users\Minh\.m2\repository\xerces\xercesImpl\2.10.0\xercesImpl-2.10.0.jar;C:\Users\Minh\.m2\repository\xml-apis\xml-apis\1.4.01\xml-apis-1.4.01.jar;C:\Users\Minh\.m2\repository\org\slf4j\slf4j-log4j12\1.7.5\slf4j-log4j12-1.7.5.jar;C:\Users\Minh\.m2\repository\org\slf4j\slf4j-api\1.7.5\slf4j-api-1.7.5.jar;C:\Users\Minh\.m2\repository\log4j\log4j\1.2.17\log4j-1.2.17.jar;"/>
    <property name="java.specification.name" value="Java Platform API Specification"/>
    <property name="java.class.version" value="51.0"/>
    <property name="sun.management.compiler" value="HotSpot 64-Bit Tiered Compilers"/>
    <property name="os.version" value="6.2"/>
    <property name="user.home" value="C:\Users\Minh"/>
    <property name="user.timezone" value="Europe/Berlin"/>
    <property name="java.awt.printerjob" value="sun.awt.windows.WPrinterJob"/>
    <property name="java.specification.version" value="1.7"/>
    <property name="idea.launcher.bin.path" value="C:\Program Files (x86)\JetBrains\IntelliJ IDEA Community Edition 12.1.1\bin"/>
    <property name="file.encoding" value="UTF-8"/>
    <property name="user.name" value="Minh"/>
    <property name="java.class.path" value="C:\Program Files\maven\boot\plexus-classworlds-2.4.jar;C:\Program Files (x86)\JetBrains\IntelliJ IDEA Community Edition 12.1.1\lib\idea_rt.jar"/>
    <property name="java.vm.specification.version" value="1.7"/>
    <property name="sun.arch.data.model" value="64"/>
    <property name="java.home" value="C:\Program Files\Java\jdk1.7.0_17\jre"/>
    <property name="sun.java.command" value="com.intellij.rt.execution.application.AppMain org.codehaus.classworlds.Launcher --fail-fast --strict-checksums test"/>
    <property name="java.specification.vendor" value="Oracle Corporation"/>
    <property name="user.language" value="en"/>
    <property name="user.language.format" value="sv"/>
    <property name="awt.toolkit" value="sun.awt.windows.WToolkit"/>
    <property name="java.vm.info" value="mixed mode"/>
    <property name="java.version" value="1.7.0_17"/>
    <property name="java.ext.dirs" value="C:\Program Files\Java\jdk1.7.0_17\jre\lib\ext;C:\Windows\Sun\Java\lib\ext"/>
    <property name="sun.boot.class.path" value="C:\Program Files\Java\jdk1.7.0_17\jre\lib\resources.jar;C:\Program Files\Java\jdk1.7.0_17\jre\lib\rt.jar;C:\Program Files\Java\jdk1.7.0_17\jre\lib\sunrsasign.jar;C:\Program Files\Java\jdk1.7.0_17\jre\lib\jsse.jar;C:\Program Files\Java\jdk1.7.0_17\jre\lib\jce.jar;C:\Program Files\Java\jdk1.7.0_17\jre\lib\charsets.jar;C:\Program Files\Java\jdk1.7.0_17\jre\lib\jfr.jar;C:\Program Files\Java\jdk1.7.0_17\jre\classes"/>
    <property name="java.vendor" value="Oracle Corporation"/>
    <property name="maven.home" value="C:\Program Files\maven"/>
    <property name="localRepository" value="C:\Users\Minh\.m2\repository"/>
    <property name="file.separator" value="\"/>
    <property name="java.vendor.url.bug" value="http://bugreport.sun.com/bugreport/"/>
    <property name="sun.cpu.endian" value="little"/>
    <property name="sun.io.unicode.encoding" value="UnicodeLittle"/>
    <property name="sun.desktop" value="windows"/>
    <property name="sun.cpu.isalist" value="amd64"/>
  </properties>
  <testcase time="27.378" classname="com.minh.guitest.LoginTest" name="testGotoPages"/>
</testsuite>